<?xml version="1.0" encoding="UTF-8"?>
<!-- Generated by org.testng.reporters.JUnitReportReporter -->
<testsuite hostname="NDI-LAP-305" failures="0" tests="2" name="TestCases.TestCaseMain" time="5.391" errors="0" timestamp="2022-08-04T20:48:13 IST" skipped="0">
  <testcase classname="TestCases.TestCaseMain" name="InitiateHomePage" time="0.091"/>
  <system-out/>
  <testcase classname="TestCases.TestCaseMain" name="TestAmazon" time="5.300"/>
  <system-out/>
</testsuite> <!-- TestCases.TestCaseMain -->
